[2025-12-23T22:19:00.984+0000] {local_task_job_runner.py:120} INFO - ::group::Pre task execution logs
[2025-12-23T22:19:01.020+0000] {taskinstance.py:2076} INFO - Dependencies all met for dep_context=non-requeueable deps ti=<TaskInstance: ml_retrain_pipeline.branch_on_metrics manual__2025-12-23T22:18:58.189115+00:00 [queued]>
[2025-12-23T22:19:01.031+0000] {taskinstance.py:2076} INFO - Dependencies all met for dep_context=requeueable deps ti=<TaskInstance: ml_retrain_pipeline.branch_on_metrics manual__2025-12-23T22:18:58.189115+00:00 [queued]>
[2025-12-23T22:19:01.032+0000] {taskinstance.py:2306} INFO - Starting attempt 1 of 1
[2025-12-23T22:19:01.060+0000] {taskinstance.py:2330} INFO - Executing <Task(BranchPythonOperator): branch_on_metrics> on 2025-12-23 22:18:58.189115+00:00
[2025-12-23T22:19:01.071+0000] {standard_task_runner.py:90} INFO - Running: ['***', 'tasks', 'run', 'ml_retrain_pipeline', 'branch_on_metrics', 'manual__2025-12-23T22:18:58.189115+00:00', '--job-id', '14', '--raw', '--subdir', 'DAGS_FOLDER/ml_retrain_pipeline.py', '--cfg-path', '/tmp/tmpsy8ybvg5']
[2025-12-23T22:19:01.075+0000] {standard_task_runner.py:91} INFO - Job 14: Subtask branch_on_metrics
[2025-12-23T22:19:01.076+0000] {logging_mixin.py:188} WARNING - /home/***/.local/lib/python3.12/site-packages/***/task/task_runner/standard_task_runner.py:62 DeprecationWarning: This process (pid=4578) is multi-threaded, use of fork() may lead to deadlocks in the child.
[2025-12-23T22:19:01.081+0000] {standard_task_runner.py:64} INFO - Started process 4579 to run task
[2025-12-23T22:19:01.169+0000] {task_command.py:426} INFO - Running <TaskInstance: ml_retrain_pipeline.branch_on_metrics manual__2025-12-23T22:18:58.189115+00:00 [running]> on host 68ac07408b14
[2025-12-23T22:19:01.318+0000] {taskinstance.py:2648} INFO - Exporting env vars: AIRFLOW_CTX_DAG_OWNER='***' AIRFLOW_CTX_DAG_ID='ml_retrain_pipeline' AIRFLOW_CTX_TASK_ID='branch_on_metrics' AIRFLOW_CTX_EXECUTION_DATE='2025-12-23T22:18:58.189115+00:00' AIRFLOW_CTX_TRY_NUMBER='1' AIRFLOW_CTX_DAG_RUN_ID='manual__2025-12-23T22:18:58.189115+00:00'
[2025-12-23T22:19:01.319+0000] {taskinstance.py:430} INFO - ::endgroup::
[2025-12-23T22:19:01.332+0000] {baseoperator.py:400} WARNING - BranchPythonOperator.execute cannot be called outside TaskInstance!
[2025-12-23T22:19:01.344+0000] {python.py:237} INFO - Done. Returned value was: deploy_model
[2025-12-23T22:19:01.344+0000] {branch.py:36} INFO - Branch into deploy_model
[2025-12-23T22:19:01.345+0000] {skipmixin.py:178} INFO - Following branch deploy_model
[2025-12-23T22:19:01.363+0000] {skipmixin.py:246} INFO - Skipping tasks [('skip_deploy', -1)]
[2025-12-23T22:19:01.391+0000] {taskinstance.py:441} INFO - ::group::Post task execution logs
[2025-12-23T22:19:01.417+0000] {taskinstance.py:1206} INFO - Marking task as SUCCESS. dag_id=ml_retrain_pipeline, task_id=branch_on_metrics, run_id=manual__2025-12-23T22:18:58.189115+00:00, execution_date=20251223T221858, start_date=20251223T221901, end_date=20251223T221901
[2025-12-23T22:19:01.458+0000] {local_task_job_runner.py:243} INFO - Task exited with return code 0
[2025-12-23T22:19:01.502+0000] {taskinstance.py:3503} INFO - 1 downstream tasks scheduled from follow-on schedule check
[2025-12-23T22:19:01.504+0000] {local_task_job_runner.py:222} INFO - ::endgroup::
