[2025-12-23T22:18:59.789+0000] {local_task_job_runner.py:120} INFO - ::group::Pre task execution logs
[2025-12-23T22:18:59.822+0000] {taskinstance.py:2076} INFO - Dependencies all met for dep_context=non-requeueable deps ti=<TaskInstance: ml_retrain_pipeline.evaluate_model manual__2025-12-23T22:18:58.189115+00:00 [queued]>
[2025-12-23T22:18:59.832+0000] {taskinstance.py:2076} INFO - Dependencies all met for dep_context=requeueable deps ti=<TaskInstance: ml_retrain_pipeline.evaluate_model manual__2025-12-23T22:18:58.189115+00:00 [queued]>
[2025-12-23T22:18:59.833+0000] {taskinstance.py:2306} INFO - Starting attempt 1 of 1
[2025-12-23T22:18:59.847+0000] {taskinstance.py:2330} INFO - Executing <Task(PythonOperator): evaluate_model> on 2025-12-23 22:18:58.189115+00:00
[2025-12-23T22:18:59.854+0000] {standard_task_runner.py:90} INFO - Running: ['***', 'tasks', 'run', 'ml_retrain_pipeline', 'evaluate_model', 'manual__2025-12-23T22:18:58.189115+00:00', '--job-id', '13', '--raw', '--subdir', 'DAGS_FOLDER/ml_retrain_pipeline.py', '--cfg-path', '/tmp/tmp83exspi3']
[2025-12-23T22:18:59.860+0000] {standard_task_runner.py:91} INFO - Job 13: Subtask evaluate_model
[2025-12-23T22:18:59.859+0000] {logging_mixin.py:188} WARNING - /home/***/.local/lib/python3.12/site-packages/***/task/task_runner/standard_task_runner.py:62 DeprecationWarning: This process (pid=4574) is multi-threaded, use of fork() may lead to deadlocks in the child.
[2025-12-23T22:18:59.861+0000] {standard_task_runner.py:64} INFO - Started process 4576 to run task
[2025-12-23T22:18:59.929+0000] {task_command.py:426} INFO - Running <TaskInstance: ml_retrain_pipeline.evaluate_model manual__2025-12-23T22:18:58.189115+00:00 [running]> on host 68ac07408b14
[2025-12-23T22:19:00.031+0000] {taskinstance.py:2648} INFO - Exporting env vars: AIRFLOW_CTX_DAG_OWNER='***' AIRFLOW_CTX_DAG_ID='ml_retrain_pipeline' AIRFLOW_CTX_TASK_ID='evaluate_model' AIRFLOW_CTX_EXECUTION_DATE='2025-12-23T22:18:58.189115+00:00' AIRFLOW_CTX_TRY_NUMBER='1' AIRFLOW_CTX_DAG_RUN_ID='manual__2025-12-23T22:18:58.189115+00:00'
[2025-12-23T22:19:00.032+0000] {taskinstance.py:430} INFO - ::endgroup::
[2025-12-23T22:19:00.048+0000] {logging_mixin.py:188} INFO - Оценка модели завершена:
[2025-12-23T22:19:00.048+0000] {logging_mixin.py:188} INFO - {
  "model_version": "v2.3.1",
  "metric_name": "quality_score",
  "metric_value": 0.85,
  "threshold": 0.8,
  "passed": true
}
[2025-12-23T22:19:00.069+0000] {python.py:237} INFO - Done. Returned value was: None
[2025-12-23T22:19:00.070+0000] {taskinstance.py:441} INFO - ::group::Post task execution logs
[2025-12-23T22:19:00.084+0000] {taskinstance.py:1206} INFO - Marking task as SUCCESS. dag_id=ml_retrain_pipeline, task_id=evaluate_model, run_id=manual__2025-12-23T22:18:58.189115+00:00, execution_date=20251223T221858, start_date=20251223T221859, end_date=20251223T221900
[2025-12-23T22:19:00.118+0000] {local_task_job_runner.py:243} INFO - Task exited with return code 0
[2025-12-23T22:19:00.146+0000] {taskinstance.py:3503} INFO - 1 downstream tasks scheduled from follow-on schedule check
[2025-12-23T22:19:00.149+0000] {local_task_job_runner.py:222} INFO - ::endgroup::
