[2025-12-23T22:40:21.947+0000] {local_task_job_runner.py:120} INFO - ::group::Pre task execution logs
[2025-12-23T22:40:22.015+0000] {taskinstance.py:2076} INFO - Dependencies all met for dep_context=non-requeueable deps ti=<TaskInstance: ml_retrain_pipeline.branch_on_metrics manual__2025-12-23T22:40:18.451298+00:00 [queued]>
[2025-12-23T22:40:22.041+0000] {taskinstance.py:2076} INFO - Dependencies all met for dep_context=requeueable deps ti=<TaskInstance: ml_retrain_pipeline.branch_on_metrics manual__2025-12-23T22:40:18.451298+00:00 [queued]>
[2025-12-23T22:40:22.042+0000] {taskinstance.py:2306} INFO - Starting attempt 1 of 1
[2025-12-23T22:40:22.066+0000] {taskinstance.py:2330} INFO - Executing <Task(BranchPythonOperator): branch_on_metrics> on 2025-12-23 22:40:18.451298+00:00
[2025-12-23T22:40:22.084+0000] {logging_mixin.py:188} WARNING - /home/***/.local/lib/python3.12/site-packages/***/task/task_runner/standard_task_runner.py:62 DeprecationWarning: This process (pid=188) is multi-threaded, use of fork() may lead to deadlocks in the child.
[2025-12-23T22:40:22.078+0000] {standard_task_runner.py:90} INFO - Running: ['***', 'tasks', 'run', 'ml_retrain_pipeline', 'branch_on_metrics', 'manual__2025-12-23T22:40:18.451298+00:00', '--job-id', '28', '--raw', '--subdir', 'DAGS_FOLDER/ml_retrain_pipeline.py', '--cfg-path', '/tmp/tmp4eger6ud']
[2025-12-23T22:40:22.087+0000] {standard_task_runner.py:64} INFO - Started process 189 to run task
[2025-12-23T22:40:22.087+0000] {standard_task_runner.py:91} INFO - Job 28: Subtask branch_on_metrics
[2025-12-23T22:40:22.167+0000] {task_command.py:426} INFO - Running <TaskInstance: ml_retrain_pipeline.branch_on_metrics manual__2025-12-23T22:40:18.451298+00:00 [running]> on host 41bba890d9d0
[2025-12-23T22:40:22.287+0000] {taskinstance.py:2648} INFO - Exporting env vars: AIRFLOW_CTX_DAG_OWNER='***' AIRFLOW_CTX_DAG_ID='ml_retrain_pipeline' AIRFLOW_CTX_TASK_ID='branch_on_metrics' AIRFLOW_CTX_EXECUTION_DATE='2025-12-23T22:40:18.451298+00:00' AIRFLOW_CTX_TRY_NUMBER='1' AIRFLOW_CTX_DAG_RUN_ID='manual__2025-12-23T22:40:18.451298+00:00'
[2025-12-23T22:40:22.290+0000] {taskinstance.py:430} INFO - ::endgroup::
[2025-12-23T22:40:22.304+0000] {baseoperator.py:400} WARNING - BranchPythonOperator.execute cannot be called outside TaskInstance!
[2025-12-23T22:40:22.320+0000] {python.py:237} INFO - Done. Returned value was: skip_deploy
[2025-12-23T22:40:22.321+0000] {branch.py:36} INFO - Branch into skip_deploy
[2025-12-23T22:40:22.322+0000] {skipmixin.py:178} INFO - Following branch skip_deploy
[2025-12-23T22:40:22.352+0000] {skipmixin.py:246} INFO - Skipping tasks [('deploy_model', -1)]
[2025-12-23T22:40:22.380+0000] {taskinstance.py:441} INFO - ::group::Post task execution logs
[2025-12-23T22:40:22.407+0000] {taskinstance.py:1206} INFO - Marking task as SUCCESS. dag_id=ml_retrain_pipeline, task_id=branch_on_metrics, run_id=manual__2025-12-23T22:40:18.451298+00:00, execution_date=20251223T224018, start_date=20251223T224022, end_date=20251223T224022
[2025-12-23T22:40:22.464+0000] {local_task_job_runner.py:243} INFO - Task exited with return code 0
[2025-12-23T22:40:22.498+0000] {taskinstance.py:3503} INFO - 0 downstream tasks scheduled from follow-on schedule check
[2025-12-23T22:40:22.505+0000] {local_task_job_runner.py:222} INFO - ::endgroup::
