[2025-12-19T04:42:02.985+0000] {processor.py:161} INFO - Started process (PID=289) to work on /opt/airflow/dags/ml_retrain_pipeline.py
[2025-12-19T04:42:02.987+0000] {processor.py:830} INFO - Processing file /opt/airflow/dags/ml_retrain_pipeline.py for tasks to queue
[2025-12-19T04:42:02.990+0000] {logging_mixin.py:188} INFO - [2025-12-19T04:42:02.990+0000] {dagbag.py:545} INFO - Filling up the DagBag from /opt/airflow/dags/ml_retrain_pipeline.py
[2025-12-19T04:42:03.534+0000] {processor.py:840} INFO - DAG(s) 'ml_retrain_pipeline' retrieved from /opt/airflow/dags/ml_retrain_pipeline.py
[2025-12-19T04:42:03.831+0000] {logging_mixin.py:188} INFO - [2025-12-19T04:42:03.830+0000] {dag.py:3089} INFO - Sync 1 DAGs
[2025-12-19T04:42:03.960+0000] {logging_mixin.py:188} INFO - [2025-12-19T04:42:03.960+0000] {dag.py:3947} INFO - Setting next_dagrun for ml_retrain_pipeline to 2025-12-18 00:00:00+00:00, run_after=2025-12-19 00:00:00+00:00
[2025-12-19T04:42:04.070+0000] {processor.py:183} INFO - Processing /opt/airflow/dags/ml_retrain_pipeline.py took 1.106 seconds
[2025-12-19T19:04:22.861+0000] {processor.py:161} INFO - Started process (PID=294) to work on /opt/airflow/dags/ml_retrain_pipeline.py
[2025-12-19T19:04:22.878+0000] {processor.py:830} INFO - Processing file /opt/airflow/dags/ml_retrain_pipeline.py for tasks to queue
[2025-12-19T19:04:22.904+0000] {logging_mixin.py:188} INFO - [2025-12-19T19:04:22.903+0000] {dagbag.py:545} INFO - Filling up the DagBag from /opt/airflow/dags/ml_retrain_pipeline.py
[2025-12-19T19:04:23.166+0000] {processor.py:840} INFO - DAG(s) 'ml_retrain_pipeline' retrieved from /opt/airflow/dags/ml_retrain_pipeline.py
[2025-12-19T19:04:23.377+0000] {logging_mixin.py:188} INFO - [2025-12-19T19:04:23.376+0000] {dag.py:3089} INFO - Sync 1 DAGs
[2025-12-19T19:04:23.533+0000] {logging_mixin.py:188} INFO - [2025-12-19T19:04:23.532+0000] {dag.py:3947} INFO - Setting next_dagrun for ml_retrain_pipeline to 2025-12-18 00:00:00+00:00, run_after=2025-12-19 00:00:00+00:00
[2025-12-19T19:04:23.744+0000] {processor.py:183} INFO - Processing /opt/airflow/dags/ml_retrain_pipeline.py took 0.965 seconds
[2025-12-19T20:36:53.431+0000] {processor.py:161} INFO - Started process (PID=299) to work on /opt/airflow/dags/ml_retrain_pipeline.py
[2025-12-19T20:36:53.433+0000] {processor.py:830} INFO - Processing file /opt/airflow/dags/ml_retrain_pipeline.py for tasks to queue
[2025-12-19T20:36:53.447+0000] {logging_mixin.py:188} INFO - [2025-12-19T20:36:53.446+0000] {dagbag.py:545} INFO - Filling up the DagBag from /opt/airflow/dags/ml_retrain_pipeline.py
[2025-12-19T20:36:53.522+0000] {processor.py:840} INFO - DAG(s) 'ml_retrain_pipeline' retrieved from /opt/airflow/dags/ml_retrain_pipeline.py
[2025-12-19T20:36:53.672+0000] {logging_mixin.py:188} INFO - [2025-12-19T20:36:53.671+0000] {dag.py:3089} INFO - Sync 1 DAGs
[2025-12-19T20:36:53.803+0000] {logging_mixin.py:188} INFO - [2025-12-19T20:36:53.803+0000] {dag.py:3947} INFO - Setting next_dagrun for ml_retrain_pipeline to 2025-12-18 00:00:00+00:00, run_after=2025-12-19 00:00:00+00:00
[2025-12-19T20:36:53.910+0000] {processor.py:183} INFO - Processing /opt/airflow/dags/ml_retrain_pipeline.py took 0.508 seconds
[2025-12-19T20:50:59.941+0000] {processor.py:161} INFO - Started process (PID=304) to work on /opt/airflow/dags/ml_retrain_pipeline.py
[2025-12-19T20:51:00.137+0000] {processor.py:830} INFO - Processing file /opt/airflow/dags/ml_retrain_pipeline.py for tasks to queue
[2025-12-19T20:51:00.210+0000] {logging_mixin.py:188} INFO - [2025-12-19T20:51:00.209+0000] {dagbag.py:545} INFO - Filling up the DagBag from /opt/airflow/dags/ml_retrain_pipeline.py
[2025-12-19T20:51:00.413+0000] {processor.py:840} INFO - DAG(s) 'ml_retrain_pipeline' retrieved from /opt/airflow/dags/ml_retrain_pipeline.py
[2025-12-19T20:51:00.667+0000] {logging_mixin.py:188} INFO - [2025-12-19T20:51:00.666+0000] {dag.py:3089} INFO - Sync 1 DAGs
[2025-12-19T20:51:00.766+0000] {logging_mixin.py:188} INFO - [2025-12-19T20:51:00.765+0000] {dag.py:3947} INFO - Setting next_dagrun for ml_retrain_pipeline to 2025-12-18 00:00:00+00:00, run_after=2025-12-19 00:00:00+00:00
[2025-12-19T20:51:00.897+0000] {processor.py:183} INFO - Processing /opt/airflow/dags/ml_retrain_pipeline.py took 1.343 seconds
