[2025-12-23T22:18:25.492+0000] {local_task_job_runner.py:120} INFO - ::group::Pre task execution logs
[2025-12-23T22:18:25.524+0000] {taskinstance.py:2076} INFO - Dependencies all met for dep_context=non-requeueable deps ti=<TaskInstance: ml_retrain_pipeline.branch_on_metrics scheduled__2025-12-22T00:00:00+00:00 [queued]>
[2025-12-23T22:18:25.533+0000] {taskinstance.py:2076} INFO - Dependencies all met for dep_context=requeueable deps ti=<TaskInstance: ml_retrain_pipeline.branch_on_metrics scheduled__2025-12-22T00:00:00+00:00 [queued]>
[2025-12-23T22:18:25.534+0000] {taskinstance.py:2306} INFO - Starting attempt 1 of 1
[2025-12-23T22:18:25.548+0000] {taskinstance.py:2330} INFO - Executing <Task(BranchPythonOperator): branch_on_metrics> on 2025-12-22 00:00:00+00:00
[2025-12-23T22:18:25.555+0000] {standard_task_runner.py:90} INFO - Running: ['***', 'tasks', 'run', 'ml_retrain_pipeline', 'branch_on_metrics', 'scheduled__2025-12-22T00:00:00+00:00', '--job-id', '4', '--raw', '--subdir', 'DAGS_FOLDER/ml_retrain_pipeline.py', '--cfg-path', '/tmp/tmpzyk7yp6u']
[2025-12-23T22:18:25.558+0000] {logging_mixin.py:188} WARNING - /home/***/.local/lib/python3.12/site-packages/***/task/task_runner/standard_task_runner.py:62 DeprecationWarning: This process (pid=4553) is multi-threaded, use of fork() may lead to deadlocks in the child.
[2025-12-23T22:18:25.559+0000] {standard_task_runner.py:91} INFO - Job 4: Subtask branch_on_metrics
[2025-12-23T22:18:25.559+0000] {standard_task_runner.py:64} INFO - Started process 4554 to run task
[2025-12-23T22:18:25.630+0000] {task_command.py:426} INFO - Running <TaskInstance: ml_retrain_pipeline.branch_on_metrics scheduled__2025-12-22T00:00:00+00:00 [running]> on host 68ac07408b14
[2025-12-23T22:18:25.716+0000] {taskinstance.py:2648} INFO - Exporting env vars: AIRFLOW_CTX_DAG_OWNER='***' AIRFLOW_CTX_DAG_ID='ml_retrain_pipeline' AIRFLOW_CTX_TASK_ID='branch_on_metrics' AIRFLOW_CTX_EXECUTION_DATE='2025-12-22T00:00:00+00:00' AIRFLOW_CTX_TRY_NUMBER='1' AIRFLOW_CTX_DAG_RUN_ID='scheduled__2025-12-22T00:00:00+00:00'
[2025-12-23T22:18:25.718+0000] {taskinstance.py:430} INFO - ::endgroup::
[2025-12-23T22:18:25.730+0000] {baseoperator.py:400} WARNING - BranchPythonOperator.execute cannot be called outside TaskInstance!
[2025-12-23T22:18:25.743+0000] {python.py:237} INFO - Done. Returned value was: deploy_model
[2025-12-23T22:18:25.744+0000] {branch.py:36} INFO - Branch into deploy_model
[2025-12-23T22:18:25.745+0000] {skipmixin.py:178} INFO - Following branch deploy_model
[2025-12-23T22:18:25.767+0000] {skipmixin.py:246} INFO - Skipping tasks [('skip_deploy', -1)]
[2025-12-23T22:18:25.796+0000] {taskinstance.py:441} INFO - ::group::Post task execution logs
[2025-12-23T22:18:25.819+0000] {taskinstance.py:1206} INFO - Marking task as SUCCESS. dag_id=ml_retrain_pipeline, task_id=branch_on_metrics, run_id=scheduled__2025-12-22T00:00:00+00:00, execution_date=20251222T000000, start_date=20251223T221825, end_date=20251223T221825
[2025-12-23T22:18:25.855+0000] {local_task_job_runner.py:243} INFO - Task exited with return code 0
[2025-12-23T22:18:25.884+0000] {taskinstance.py:3503} INFO - 1 downstream tasks scheduled from follow-on schedule check
[2025-12-23T22:18:25.888+0000] {local_task_job_runner.py:222} INFO - ::endgroup::
