[2025-12-23T23:03:59.810+0000] {local_task_job_runner.py:120} INFO - ::group::Pre task execution logs
[2025-12-23T23:03:59.854+0000] {taskinstance.py:2076} INFO - Dependencies all met for dep_context=non-requeueable deps ti=<TaskInstance: ml_retrain_pipeline.evaluate_model manual__2025-12-23T23:03:58.111924+00:00 [queued]>
[2025-12-23T23:03:59.863+0000] {taskinstance.py:2076} INFO - Dependencies all met for dep_context=requeueable deps ti=<TaskInstance: ml_retrain_pipeline.evaluate_model manual__2025-12-23T23:03:58.111924+00:00 [queued]>
[2025-12-23T23:03:59.864+0000] {taskinstance.py:2306} INFO - Starting attempt 1 of 1
[2025-12-23T23:03:59.879+0000] {taskinstance.py:2330} INFO - Executing <Task(PythonOperator): evaluate_model> on 2025-12-23 23:03:58.111924+00:00
[2025-12-23T23:03:59.893+0000] {logging_mixin.py:188} WARNING - /home/***/.local/lib/python3.12/site-packages/***/task/task_runner/standard_task_runner.py:62 DeprecationWarning: This process (pid=227) is multi-threaded, use of fork() may lead to deadlocks in the child.
[2025-12-23T23:03:59.891+0000] {standard_task_runner.py:90} INFO - Running: ['***', 'tasks', 'run', 'ml_retrain_pipeline', 'evaluate_model', 'manual__2025-12-23T23:03:58.111924+00:00', '--job-id', '35', '--raw', '--subdir', 'DAGS_FOLDER/ml_retrain_pipeline.py', '--cfg-path', '/tmp/tmp1h5ezzb_']
[2025-12-23T23:03:59.894+0000] {standard_task_runner.py:64} INFO - Started process 228 to run task
[2025-12-23T23:03:59.894+0000] {standard_task_runner.py:91} INFO - Job 35: Subtask evaluate_model
[2025-12-23T23:03:59.958+0000] {task_command.py:426} INFO - Running <TaskInstance: ml_retrain_pipeline.evaluate_model manual__2025-12-23T23:03:58.111924+00:00 [running]> on host fc1ac8a5c01f
[2025-12-23T23:04:00.047+0000] {taskinstance.py:2648} INFO - Exporting env vars: AIRFLOW_CTX_DAG_OWNER='***' AIRFLOW_CTX_DAG_ID='ml_retrain_pipeline' AIRFLOW_CTX_TASK_ID='evaluate_model' AIRFLOW_CTX_EXECUTION_DATE='2025-12-23T23:03:58.111924+00:00' AIRFLOW_CTX_TRY_NUMBER='1' AIRFLOW_CTX_DAG_RUN_ID='manual__2025-12-23T23:03:58.111924+00:00'
[2025-12-23T23:04:00.049+0000] {taskinstance.py:430} INFO - ::endgroup::
[2025-12-23T23:04:00.074+0000] {logging_mixin.py:188} INFO - Оценка модели завершена:
[2025-12-23T23:04:00.074+0000] {logging_mixin.py:188} INFO - {
  "model_version": "v2.3.1",
  "metric_name": "quality_score",
  "metric_value": 0.6,
  "threshold": 0.8,
  "passed": false
}
[2025-12-23T23:04:00.095+0000] {python.py:237} INFO - Done. Returned value was: None
[2025-12-23T23:04:00.096+0000] {taskinstance.py:441} INFO - ::group::Post task execution logs
[2025-12-23T23:04:00.117+0000] {taskinstance.py:1206} INFO - Marking task as SUCCESS. dag_id=ml_retrain_pipeline, task_id=evaluate_model, run_id=manual__2025-12-23T23:03:58.111924+00:00, execution_date=20251223T230358, start_date=20251223T230359, end_date=20251223T230400
[2025-12-23T23:04:00.150+0000] {local_task_job_runner.py:243} INFO - Task exited with return code 0
[2025-12-23T23:04:00.201+0000] {taskinstance.py:3503} INFO - 1 downstream tasks scheduled from follow-on schedule check
[2025-12-23T23:04:00.206+0000] {local_task_job_runner.py:222} INFO - ::endgroup::
