[2025-12-23T23:10:51.165+0000] {local_task_job_runner.py:120} INFO - ::group::Pre task execution logs
[2025-12-23T23:10:51.213+0000] {taskinstance.py:2076} INFO - Dependencies all met for dep_context=non-requeueable deps ti=<TaskInstance: ml_retrain_pipeline.train_model manual__2025-12-23T23:10:50.549818+00:00 [queued]>
[2025-12-23T23:10:51.224+0000] {taskinstance.py:2076} INFO - Dependencies all met for dep_context=requeueable deps ti=<TaskInstance: ml_retrain_pipeline.train_model manual__2025-12-23T23:10:50.549818+00:00 [queued]>
[2025-12-23T23:10:51.225+0000] {taskinstance.py:2306} INFO - Starting attempt 1 of 1
[2025-12-23T23:10:51.244+0000] {taskinstance.py:2330} INFO - Executing <Task(PythonOperator): train_model> on 2025-12-23 23:10:50.549818+00:00
[2025-12-23T23:10:51.255+0000] {standard_task_runner.py:90} INFO - Running: ['***', 'tasks', 'run', 'ml_retrain_pipeline', 'train_model', 'manual__2025-12-23T23:10:50.549818+00:00', '--job-id', '42', '--raw', '--subdir', 'DAGS_FOLDER/ml_retrain_pipeline.py', '--cfg-path', '/tmp/tmp0uq570wt']
[2025-12-23T23:10:51.259+0000] {logging_mixin.py:188} WARNING - /home/***/.local/lib/python3.12/site-packages/***/task/task_runner/standard_task_runner.py:62 DeprecationWarning: This process (pid=169) is multi-threaded, use of fork() may lead to deadlocks in the child.
[2025-12-23T23:10:51.259+0000] {standard_task_runner.py:91} INFO - Job 42: Subtask train_model
[2025-12-23T23:10:51.260+0000] {standard_task_runner.py:64} INFO - Started process 170 to run task
[2025-12-23T23:10:51.354+0000] {task_command.py:426} INFO - Running <TaskInstance: ml_retrain_pipeline.train_model manual__2025-12-23T23:10:50.549818+00:00 [running]> on host ***-scheduler
[2025-12-23T23:10:51.494+0000] {taskinstance.py:2648} INFO - Exporting env vars: AIRFLOW_CTX_DAG_OWNER='***' AIRFLOW_CTX_DAG_ID='ml_retrain_pipeline' AIRFLOW_CTX_TASK_ID='train_model' AIRFLOW_CTX_EXECUTION_DATE='2025-12-23T23:10:50.549818+00:00' AIRFLOW_CTX_TRY_NUMBER='1' AIRFLOW_CTX_DAG_RUN_ID='manual__2025-12-23T23:10:50.549818+00:00'
[2025-12-23T23:10:51.497+0000] {taskinstance.py:430} INFO - ::endgroup::
[2025-12-23T23:10:51.535+0000] {logging_mixin.py:188} INFO - Обучение модели завершено.
[2025-12-23T23:10:51.536+0000] {logging_mixin.py:188} INFO - MODEL_VERSION = v2.3.1
[2025-12-23T23:10:51.536+0000] {python.py:237} INFO - Done. Returned value was: None
[2025-12-23T23:10:51.539+0000] {taskinstance.py:441} INFO - ::group::Post task execution logs
[2025-12-23T23:10:51.552+0000] {taskinstance.py:1206} INFO - Marking task as SUCCESS. dag_id=ml_retrain_pipeline, task_id=train_model, run_id=manual__2025-12-23T23:10:50.549818+00:00, execution_date=20251223T231050, start_date=20251223T231051, end_date=20251223T231051
[2025-12-23T23:10:51.597+0000] {local_task_job_runner.py:243} INFO - Task exited with return code 0
[2025-12-23T23:10:51.627+0000] {taskinstance.py:3503} INFO - 0 downstream tasks scheduled from follow-on schedule check
[2025-12-23T23:10:51.630+0000] {local_task_job_runner.py:222} INFO - ::endgroup::
