[2025-12-23T22:18:54.755+0000] {local_task_job_runner.py:120} INFO - ::group::Pre task execution logs
[2025-12-23T22:18:54.792+0000] {taskinstance.py:2076} INFO - Dependencies all met for dep_context=non-requeueable deps ti=<TaskInstance: ml_retrain_pipeline.train_model manual__2025-12-23T22:18:53.428938+00:00 [queued]>
[2025-12-23T22:18:54.800+0000] {taskinstance.py:2076} INFO - Dependencies all met for dep_context=requeueable deps ti=<TaskInstance: ml_retrain_pipeline.train_model manual__2025-12-23T22:18:53.428938+00:00 [queued]>
[2025-12-23T22:18:54.801+0000] {taskinstance.py:2306} INFO - Starting attempt 1 of 1
[2025-12-23T22:18:54.815+0000] {taskinstance.py:2330} INFO - Executing <Task(PythonOperator): train_model> on 2025-12-23 22:18:53.428938+00:00
[2025-12-23T22:18:54.823+0000] {standard_task_runner.py:90} INFO - Running: ['***', 'tasks', 'run', 'ml_retrain_pipeline', 'train_model', 'manual__2025-12-23T22:18:53.428938+00:00', '--job-id', '7', '--raw', '--subdir', 'DAGS_FOLDER/ml_retrain_pipeline.py', '--cfg-path', '/tmp/tmpg8wlohib']
[2025-12-23T22:18:54.826+0000] {standard_task_runner.py:91} INFO - Job 7: Subtask train_model
[2025-12-23T22:18:54.826+0000] {logging_mixin.py:188} WARNING - /home/***/.local/lib/python3.12/site-packages/***/task/task_runner/standard_task_runner.py:62 DeprecationWarning: This process (pid=4564) is multi-threaded, use of fork() may lead to deadlocks in the child.
[2025-12-23T22:18:54.827+0000] {standard_task_runner.py:64} INFO - Started process 4565 to run task
[2025-12-23T22:18:54.893+0000] {task_command.py:426} INFO - Running <TaskInstance: ml_retrain_pipeline.train_model manual__2025-12-23T22:18:53.428938+00:00 [running]> on host 68ac07408b14
[2025-12-23T22:18:54.991+0000] {taskinstance.py:2648} INFO - Exporting env vars: AIRFLOW_CTX_DAG_OWNER='***' AIRFLOW_CTX_DAG_ID='ml_retrain_pipeline' AIRFLOW_CTX_TASK_ID='train_model' AIRFLOW_CTX_EXECUTION_DATE='2025-12-23T22:18:53.428938+00:00' AIRFLOW_CTX_TRY_NUMBER='1' AIRFLOW_CTX_DAG_RUN_ID='manual__2025-12-23T22:18:53.428938+00:00'
[2025-12-23T22:18:54.993+0000] {taskinstance.py:430} INFO - ::endgroup::
[2025-12-23T22:18:55.006+0000] {logging_mixin.py:188} INFO - Обучение модели завершено.
[2025-12-23T22:18:55.007+0000] {logging_mixin.py:188} INFO - MODEL_VERSION = v2.3.1
[2025-12-23T22:18:55.008+0000] {python.py:237} INFO - Done. Returned value was: None
[2025-12-23T22:18:55.009+0000] {taskinstance.py:441} INFO - ::group::Post task execution logs
[2025-12-23T22:18:55.021+0000] {taskinstance.py:1206} INFO - Marking task as SUCCESS. dag_id=ml_retrain_pipeline, task_id=train_model, run_id=manual__2025-12-23T22:18:53.428938+00:00, execution_date=20251223T221853, start_date=20251223T221854, end_date=20251223T221855
[2025-12-23T22:18:55.043+0000] {local_task_job_runner.py:243} INFO - Task exited with return code 0
[2025-12-23T22:18:55.071+0000] {taskinstance.py:3503} INFO - 1 downstream tasks scheduled from follow-on schedule check
[2025-12-23T22:18:55.074+0000] {local_task_job_runner.py:222} INFO - ::endgroup::
