[2025-12-23T22:40:19.120+0000] {local_task_job_runner.py:120} INFO - ::group::Pre task execution logs
[2025-12-23T22:40:19.195+0000] {taskinstance.py:2076} INFO - Dependencies all met for dep_context=non-requeueable deps ti=<TaskInstance: ml_retrain_pipeline.train_model manual__2025-12-23T22:40:18.451298+00:00 [queued]>
[2025-12-23T22:40:19.211+0000] {taskinstance.py:2076} INFO - Dependencies all met for dep_context=requeueable deps ti=<TaskInstance: ml_retrain_pipeline.train_model manual__2025-12-23T22:40:18.451298+00:00 [queued]>
[2025-12-23T22:40:19.213+0000] {taskinstance.py:2306} INFO - Starting attempt 1 of 1
[2025-12-23T22:40:19.233+0000] {taskinstance.py:2330} INFO - Executing <Task(PythonOperator): train_model> on 2025-12-23 22:40:18.451298+00:00
[2025-12-23T22:40:19.263+0000] {standard_task_runner.py:90} INFO - Running: ['***', 'tasks', 'run', 'ml_retrain_pipeline', 'train_model', 'manual__2025-12-23T22:40:18.451298+00:00', '--job-id', '26', '--raw', '--subdir', 'DAGS_FOLDER/ml_retrain_pipeline.py', '--cfg-path', '/tmp/tmpbkjfnfoa']
[2025-12-23T22:40:19.271+0000] {logging_mixin.py:188} WARNING - /home/***/.local/lib/python3.12/site-packages/***/task/task_runner/standard_task_runner.py:62 DeprecationWarning: This process (pid=184) is multi-threaded, use of fork() may lead to deadlocks in the child.
[2025-12-23T22:40:19.274+0000] {standard_task_runner.py:91} INFO - Job 26: Subtask train_model
[2025-12-23T22:40:19.276+0000] {standard_task_runner.py:64} INFO - Started process 185 to run task
[2025-12-23T22:40:19.474+0000] {task_command.py:426} INFO - Running <TaskInstance: ml_retrain_pipeline.train_model manual__2025-12-23T22:40:18.451298+00:00 [running]> on host 41bba890d9d0
[2025-12-23T22:40:19.676+0000] {taskinstance.py:2648} INFO - Exporting env vars: AIRFLOW_CTX_DAG_OWNER='***' AIRFLOW_CTX_DAG_ID='ml_retrain_pipeline' AIRFLOW_CTX_TASK_ID='train_model' AIRFLOW_CTX_EXECUTION_DATE='2025-12-23T22:40:18.451298+00:00' AIRFLOW_CTX_TRY_NUMBER='1' AIRFLOW_CTX_DAG_RUN_ID='manual__2025-12-23T22:40:18.451298+00:00'
[2025-12-23T22:40:19.680+0000] {taskinstance.py:430} INFO - ::endgroup::
[2025-12-23T22:40:19.725+0000] {logging_mixin.py:188} INFO - Обучение модели завершено.
[2025-12-23T22:40:19.726+0000] {logging_mixin.py:188} INFO - MODEL_VERSION = v2.3.1
[2025-12-23T22:40:19.727+0000] {python.py:237} INFO - Done. Returned value was: None
[2025-12-23T22:40:19.729+0000] {taskinstance.py:441} INFO - ::group::Post task execution logs
[2025-12-23T22:40:19.751+0000] {taskinstance.py:1206} INFO - Marking task as SUCCESS. dag_id=ml_retrain_pipeline, task_id=train_model, run_id=manual__2025-12-23T22:40:18.451298+00:00, execution_date=20251223T224018, start_date=20251223T224019, end_date=20251223T224019
[2025-12-23T22:40:19.777+0000] {local_task_job_runner.py:243} INFO - Task exited with return code 0
[2025-12-23T22:40:19.809+0000] {taskinstance.py:3503} INFO - 1 downstream tasks scheduled from follow-on schedule check
[2025-12-23T22:40:19.812+0000] {local_task_job_runner.py:222} INFO - ::endgroup::
