[2025-12-23T22:26:32.666+0000] {local_task_job_runner.py:120} INFO - ::group::Pre task execution logs
[2025-12-23T22:26:32.725+0000] {taskinstance.py:2076} INFO - Dependencies all met for dep_context=non-requeueable deps ti=<TaskInstance: ml_retrain_pipeline.train_model manual__2025-12-23T22:26:31.453225+00:00 [queued]>
[2025-12-23T22:26:32.734+0000] {taskinstance.py:2076} INFO - Dependencies all met for dep_context=requeueable deps ti=<TaskInstance: ml_retrain_pipeline.train_model manual__2025-12-23T22:26:31.453225+00:00 [queued]>
[2025-12-23T22:26:32.735+0000] {taskinstance.py:2306} INFO - Starting attempt 1 of 1
[2025-12-23T22:26:32.751+0000] {taskinstance.py:2330} INFO - Executing <Task(PythonOperator): train_model> on 2025-12-23 22:26:31.453225+00:00
[2025-12-23T22:26:32.764+0000] {standard_task_runner.py:90} INFO - Running: ['***', 'tasks', 'run', 'ml_retrain_pipeline', 'train_model', 'manual__2025-12-23T22:26:31.453225+00:00', '--job-id', '18', '--raw', '--subdir', 'DAGS_FOLDER/ml_retrain_pipeline.py', '--cfg-path', '/tmp/tmpxyao7co0']
[2025-12-23T22:26:32.772+0000] {logging_mixin.py:188} WARNING - /home/***/.local/lib/python3.12/site-packages/***/task/task_runner/standard_task_runner.py:62 DeprecationWarning: This process (pid=169) is multi-threaded, use of fork() may lead to deadlocks in the child.
[2025-12-23T22:26:32.773+0000] {standard_task_runner.py:91} INFO - Job 18: Subtask train_model
[2025-12-23T22:26:32.774+0000] {standard_task_runner.py:64} INFO - Started process 170 to run task
[2025-12-23T22:26:32.878+0000] {task_command.py:426} INFO - Running <TaskInstance: ml_retrain_pipeline.train_model manual__2025-12-23T22:26:31.453225+00:00 [running]> on host e944e0b481ca
[2025-12-23T22:26:33.140+0000] {taskinstance.py:2648} INFO - Exporting env vars: AIRFLOW_CTX_DAG_OWNER='***' AIRFLOW_CTX_DAG_ID='ml_retrain_pipeline' AIRFLOW_CTX_TASK_ID='train_model' AIRFLOW_CTX_EXECUTION_DATE='2025-12-23T22:26:31.453225+00:00' AIRFLOW_CTX_TRY_NUMBER='1' AIRFLOW_CTX_DAG_RUN_ID='manual__2025-12-23T22:26:31.453225+00:00'
[2025-12-23T22:26:33.143+0000] {taskinstance.py:430} INFO - ::endgroup::
[2025-12-23T22:26:33.174+0000] {logging_mixin.py:188} INFO - Обучение модели завершено.
[2025-12-23T22:26:33.175+0000] {logging_mixin.py:188} INFO - MODEL_VERSION = v2.3.1
[2025-12-23T22:26:33.176+0000] {python.py:237} INFO - Done. Returned value was: None
[2025-12-23T22:26:33.178+0000] {taskinstance.py:441} INFO - ::group::Post task execution logs
[2025-12-23T22:26:33.190+0000] {taskinstance.py:1206} INFO - Marking task as SUCCESS. dag_id=ml_retrain_pipeline, task_id=train_model, run_id=manual__2025-12-23T22:26:31.453225+00:00, execution_date=20251223T222631, start_date=20251223T222632, end_date=20251223T222633
[2025-12-23T22:26:33.233+0000] {local_task_job_runner.py:243} INFO - Task exited with return code 0
[2025-12-23T22:26:33.266+0000] {taskinstance.py:3503} INFO - 1 downstream tasks scheduled from follow-on schedule check
[2025-12-23T22:26:33.269+0000] {local_task_job_runner.py:222} INFO - ::endgroup::
