[2025-12-18T21:47:11.608+0000] {processor.py:161} INFO - Started process (PID=164) to work on /opt/airflow/dags/ml_retrain_pipeline.py
[2025-12-18T21:47:11.609+0000] {processor.py:830} INFO - Processing file /opt/airflow/dags/ml_retrain_pipeline.py for tasks to queue
[2025-12-18T21:47:11.612+0000] {logging_mixin.py:188} INFO - [2025-12-18T21:47:11.611+0000] {dagbag.py:545} INFO - Filling up the DagBag from /opt/airflow/dags/ml_retrain_pipeline.py
[2025-12-18T21:47:11.655+0000] {processor.py:840} INFO - DAG(s) 'ml_retrain_pipeline' retrieved from /opt/airflow/dags/ml_retrain_pipeline.py
[2025-12-18T21:47:11.898+0000] {logging_mixin.py:188} INFO - [2025-12-18T21:47:11.898+0000] {override.py:1858} INFO - Created Permission View: can edit on DAG:ml_retrain_pipeline
[2025-12-18T21:47:11.913+0000] {logging_mixin.py:188} INFO - [2025-12-18T21:47:11.912+0000] {override.py:1858} INFO - Created Permission View: can read on DAG:ml_retrain_pipeline
[2025-12-18T21:47:11.922+0000] {logging_mixin.py:188} INFO - [2025-12-18T21:47:11.922+0000] {override.py:1858} INFO - Created Permission View: can delete on DAG:ml_retrain_pipeline
[2025-12-18T21:47:11.923+0000] {logging_mixin.py:188} INFO - [2025-12-18T21:47:11.923+0000] {dag.py:3089} INFO - Sync 1 DAGs
[2025-12-18T21:47:11.937+0000] {logging_mixin.py:188} INFO - [2025-12-18T21:47:11.937+0000] {dag.py:3111} INFO - Creating ORM DAG for ml_retrain_pipeline
[2025-12-18T21:47:11.949+0000] {logging_mixin.py:188} INFO - [2025-12-18T21:47:11.948+0000] {dag.py:3947} INFO - Setting next_dagrun for ml_retrain_pipeline to 2025-12-17 00:00:00+00:00, run_after=2025-12-18 00:00:00+00:00
[2025-12-18T21:47:11.976+0000] {processor.py:183} INFO - Processing /opt/airflow/dags/ml_retrain_pipeline.py took 0.375 seconds
[2025-12-18T21:47:42.437+0000] {processor.py:161} INFO - Started process (PID=169) to work on /opt/airflow/dags/ml_retrain_pipeline.py
[2025-12-18T21:47:42.438+0000] {processor.py:830} INFO - Processing file /opt/airflow/dags/ml_retrain_pipeline.py for tasks to queue
[2025-12-18T21:47:42.440+0000] {logging_mixin.py:188} INFO - [2025-12-18T21:47:42.440+0000] {dagbag.py:545} INFO - Filling up the DagBag from /opt/airflow/dags/ml_retrain_pipeline.py
[2025-12-18T21:47:42.470+0000] {processor.py:840} INFO - DAG(s) 'ml_retrain_pipeline' retrieved from /opt/airflow/dags/ml_retrain_pipeline.py
[2025-12-18T21:47:42.506+0000] {logging_mixin.py:188} INFO - [2025-12-18T21:47:42.506+0000] {dag.py:3089} INFO - Sync 1 DAGs
[2025-12-18T21:47:42.530+0000] {logging_mixin.py:188} INFO - [2025-12-18T21:47:42.530+0000] {dag.py:3947} INFO - Setting next_dagrun for ml_retrain_pipeline to 2025-12-17 00:00:00+00:00, run_after=2025-12-18 00:00:00+00:00
[2025-12-18T21:47:42.555+0000] {processor.py:183} INFO - Processing /opt/airflow/dags/ml_retrain_pipeline.py took 0.125 seconds
[2025-12-18T21:48:13.330+0000] {processor.py:161} INFO - Started process (PID=174) to work on /opt/airflow/dags/ml_retrain_pipeline.py
[2025-12-18T21:48:13.332+0000] {processor.py:830} INFO - Processing file /opt/airflow/dags/ml_retrain_pipeline.py for tasks to queue
[2025-12-18T21:48:13.334+0000] {logging_mixin.py:188} INFO - [2025-12-18T21:48:13.333+0000] {dagbag.py:545} INFO - Filling up the DagBag from /opt/airflow/dags/ml_retrain_pipeline.py
[2025-12-18T21:48:13.357+0000] {processor.py:840} INFO - DAG(s) 'ml_retrain_pipeline' retrieved from /opt/airflow/dags/ml_retrain_pipeline.py
[2025-12-18T21:48:13.399+0000] {logging_mixin.py:188} INFO - [2025-12-18T21:48:13.399+0000] {dag.py:3089} INFO - Sync 1 DAGs
[2025-12-18T21:48:13.425+0000] {logging_mixin.py:188} INFO - [2025-12-18T21:48:13.425+0000] {dag.py:3947} INFO - Setting next_dagrun for ml_retrain_pipeline to 2025-12-17 00:00:00+00:00, run_after=2025-12-18 00:00:00+00:00
[2025-12-18T21:48:13.457+0000] {processor.py:183} INFO - Processing /opt/airflow/dags/ml_retrain_pipeline.py took 0.133 seconds
[2025-12-18T21:48:44.048+0000] {processor.py:161} INFO - Started process (PID=179) to work on /opt/airflow/dags/ml_retrain_pipeline.py
[2025-12-18T21:48:44.051+0000] {processor.py:830} INFO - Processing file /opt/airflow/dags/ml_retrain_pipeline.py for tasks to queue
[2025-12-18T21:48:44.054+0000] {logging_mixin.py:188} INFO - [2025-12-18T21:48:44.054+0000] {dagbag.py:545} INFO - Filling up the DagBag from /opt/airflow/dags/ml_retrain_pipeline.py
[2025-12-18T21:48:44.084+0000] {processor.py:840} INFO - DAG(s) 'ml_retrain_pipeline' retrieved from /opt/airflow/dags/ml_retrain_pipeline.py
[2025-12-18T21:48:44.135+0000] {logging_mixin.py:188} INFO - [2025-12-18T21:48:44.135+0000] {dag.py:3089} INFO - Sync 1 DAGs
[2025-12-18T21:48:44.177+0000] {logging_mixin.py:188} INFO - [2025-12-18T21:48:44.177+0000] {dag.py:3947} INFO - Setting next_dagrun for ml_retrain_pipeline to 2025-12-17 00:00:00+00:00, run_after=2025-12-18 00:00:00+00:00
[2025-12-18T21:48:44.221+0000] {processor.py:183} INFO - Processing /opt/airflow/dags/ml_retrain_pipeline.py took 0.181 seconds
[2025-12-18T21:49:14.990+0000] {processor.py:161} INFO - Started process (PID=184) to work on /opt/airflow/dags/ml_retrain_pipeline.py
[2025-12-18T21:49:14.992+0000] {processor.py:830} INFO - Processing file /opt/airflow/dags/ml_retrain_pipeline.py for tasks to queue
[2025-12-18T21:49:14.994+0000] {logging_mixin.py:188} INFO - [2025-12-18T21:49:14.993+0000] {dagbag.py:545} INFO - Filling up the DagBag from /opt/airflow/dags/ml_retrain_pipeline.py
[2025-12-18T21:49:15.017+0000] {processor.py:840} INFO - DAG(s) 'ml_retrain_pipeline' retrieved from /opt/airflow/dags/ml_retrain_pipeline.py
[2025-12-18T21:49:15.056+0000] {logging_mixin.py:188} INFO - [2025-12-18T21:49:15.056+0000] {dag.py:3089} INFO - Sync 1 DAGs
[2025-12-18T21:49:15.079+0000] {logging_mixin.py:188} INFO - [2025-12-18T21:49:15.079+0000] {dag.py:3947} INFO - Setting next_dagrun for ml_retrain_pipeline to 2025-12-17 00:00:00+00:00, run_after=2025-12-18 00:00:00+00:00
[2025-12-18T21:49:15.104+0000] {processor.py:183} INFO - Processing /opt/airflow/dags/ml_retrain_pipeline.py took 0.120 seconds
[2025-12-18T21:49:45.303+0000] {processor.py:161} INFO - Started process (PID=189) to work on /opt/airflow/dags/ml_retrain_pipeline.py
[2025-12-18T21:49:45.304+0000] {processor.py:830} INFO - Processing file /opt/airflow/dags/ml_retrain_pipeline.py for tasks to queue
[2025-12-18T21:49:45.306+0000] {logging_mixin.py:188} INFO - [2025-12-18T21:49:45.306+0000] {dagbag.py:545} INFO - Filling up the DagBag from /opt/airflow/dags/ml_retrain_pipeline.py
[2025-12-18T21:49:45.333+0000] {processor.py:840} INFO - DAG(s) 'ml_retrain_pipeline' retrieved from /opt/airflow/dags/ml_retrain_pipeline.py
[2025-12-18T21:49:45.367+0000] {logging_mixin.py:188} INFO - [2025-12-18T21:49:45.367+0000] {dag.py:3089} INFO - Sync 1 DAGs
[2025-12-18T21:49:45.390+0000] {logging_mixin.py:188} INFO - [2025-12-18T21:49:45.390+0000] {dag.py:3947} INFO - Setting next_dagrun for ml_retrain_pipeline to 2025-12-17 00:00:00+00:00, run_after=2025-12-18 00:00:00+00:00
[2025-12-18T21:49:45.415+0000] {processor.py:183} INFO - Processing /opt/airflow/dags/ml_retrain_pipeline.py took 0.118 seconds
[2025-12-18T21:50:16.242+0000] {processor.py:161} INFO - Started process (PID=194) to work on /opt/airflow/dags/ml_retrain_pipeline.py
[2025-12-18T21:50:16.243+0000] {processor.py:830} INFO - Processing file /opt/airflow/dags/ml_retrain_pipeline.py for tasks to queue
[2025-12-18T21:50:16.246+0000] {logging_mixin.py:188} INFO - [2025-12-18T21:50:16.245+0000] {dagbag.py:545} INFO - Filling up the DagBag from /opt/airflow/dags/ml_retrain_pipeline.py
[2025-12-18T21:50:16.271+0000] {processor.py:840} INFO - DAG(s) 'ml_retrain_pipeline' retrieved from /opt/airflow/dags/ml_retrain_pipeline.py
[2025-12-18T21:50:16.311+0000] {logging_mixin.py:188} INFO - [2025-12-18T21:50:16.310+0000] {dag.py:3089} INFO - Sync 1 DAGs
[2025-12-18T21:50:16.336+0000] {logging_mixin.py:188} INFO - [2025-12-18T21:50:16.336+0000] {dag.py:3947} INFO - Setting next_dagrun for ml_retrain_pipeline to 2025-12-17 00:00:00+00:00, run_after=2025-12-18 00:00:00+00:00
[2025-12-18T21:50:16.361+0000] {processor.py:183} INFO - Processing /opt/airflow/dags/ml_retrain_pipeline.py took 0.126 seconds
[2025-12-18T21:50:47.117+0000] {processor.py:161} INFO - Started process (PID=199) to work on /opt/airflow/dags/ml_retrain_pipeline.py
[2025-12-18T21:50:47.118+0000] {processor.py:830} INFO - Processing file /opt/airflow/dags/ml_retrain_pipeline.py for tasks to queue
[2025-12-18T21:50:47.120+0000] {logging_mixin.py:188} INFO - [2025-12-18T21:50:47.120+0000] {dagbag.py:545} INFO - Filling up the DagBag from /opt/airflow/dags/ml_retrain_pipeline.py
[2025-12-18T21:50:47.141+0000] {processor.py:840} INFO - DAG(s) 'ml_retrain_pipeline' retrieved from /opt/airflow/dags/ml_retrain_pipeline.py
[2025-12-18T21:50:47.176+0000] {logging_mixin.py:188} INFO - [2025-12-18T21:50:47.176+0000] {dag.py:3089} INFO - Sync 1 DAGs
[2025-12-18T21:50:47.199+0000] {logging_mixin.py:188} INFO - [2025-12-18T21:50:47.199+0000] {dag.py:3947} INFO - Setting next_dagrun for ml_retrain_pipeline to 2025-12-17 00:00:00+00:00, run_after=2025-12-18 00:00:00+00:00
[2025-12-18T21:50:47.222+0000] {processor.py:183} INFO - Processing /opt/airflow/dags/ml_retrain_pipeline.py took 0.112 seconds
[2025-12-18T21:51:18.135+0000] {processor.py:161} INFO - Started process (PID=204) to work on /opt/airflow/dags/ml_retrain_pipeline.py
[2025-12-18T21:51:18.137+0000] {processor.py:830} INFO - Processing file /opt/airflow/dags/ml_retrain_pipeline.py for tasks to queue
[2025-12-18T21:51:18.139+0000] {logging_mixin.py:188} INFO - [2025-12-18T21:51:18.138+0000] {dagbag.py:545} INFO - Filling up the DagBag from /opt/airflow/dags/ml_retrain_pipeline.py
[2025-12-18T21:51:18.158+0000] {processor.py:840} INFO - DAG(s) 'ml_retrain_pipeline' retrieved from /opt/airflow/dags/ml_retrain_pipeline.py
[2025-12-18T21:51:18.193+0000] {logging_mixin.py:188} INFO - [2025-12-18T21:51:18.192+0000] {dag.py:3089} INFO - Sync 1 DAGs
[2025-12-18T21:51:18.216+0000] {logging_mixin.py:188} INFO - [2025-12-18T21:51:18.215+0000] {dag.py:3947} INFO - Setting next_dagrun for ml_retrain_pipeline to 2025-12-17 00:00:00+00:00, run_after=2025-12-18 00:00:00+00:00
[2025-12-18T21:51:18.250+0000] {processor.py:183} INFO - Processing /opt/airflow/dags/ml_retrain_pipeline.py took 0.121 seconds
[2025-12-18T21:51:48.933+0000] {processor.py:161} INFO - Started process (PID=209) to work on /opt/airflow/dags/ml_retrain_pipeline.py
[2025-12-18T21:51:48.934+0000] {processor.py:830} INFO - Processing file /opt/airflow/dags/ml_retrain_pipeline.py for tasks to queue
[2025-12-18T21:51:48.937+0000] {logging_mixin.py:188} INFO - [2025-12-18T21:51:48.937+0000] {dagbag.py:545} INFO - Filling up the DagBag from /opt/airflow/dags/ml_retrain_pipeline.py
[2025-12-18T21:51:48.957+0000] {processor.py:840} INFO - DAG(s) 'ml_retrain_pipeline' retrieved from /opt/airflow/dags/ml_retrain_pipeline.py
[2025-12-18T21:51:48.992+0000] {logging_mixin.py:188} INFO - [2025-12-18T21:51:48.992+0000] {dag.py:3089} INFO - Sync 1 DAGs
[2025-12-18T21:51:49.015+0000] {logging_mixin.py:188} INFO - [2025-12-18T21:51:49.015+0000] {dag.py:3947} INFO - Setting next_dagrun for ml_retrain_pipeline to 2025-12-17 00:00:00+00:00, run_after=2025-12-18 00:00:00+00:00
[2025-12-18T21:51:49.046+0000] {processor.py:183} INFO - Processing /opt/airflow/dags/ml_retrain_pipeline.py took 0.120 seconds
[2025-12-18T21:52:19.881+0000] {processor.py:161} INFO - Started process (PID=214) to work on /opt/airflow/dags/ml_retrain_pipeline.py
[2025-12-18T21:52:19.882+0000] {processor.py:830} INFO - Processing file /opt/airflow/dags/ml_retrain_pipeline.py for tasks to queue
[2025-12-18T21:52:19.884+0000] {logging_mixin.py:188} INFO - [2025-12-18T21:52:19.884+0000] {dagbag.py:545} INFO - Filling up the DagBag from /opt/airflow/dags/ml_retrain_pipeline.py
[2025-12-18T21:52:19.907+0000] {processor.py:840} INFO - DAG(s) 'ml_retrain_pipeline' retrieved from /opt/airflow/dags/ml_retrain_pipeline.py
[2025-12-18T21:52:19.942+0000] {logging_mixin.py:188} INFO - [2025-12-18T21:52:19.942+0000] {dag.py:3089} INFO - Sync 1 DAGs
[2025-12-18T21:52:19.966+0000] {logging_mixin.py:188} INFO - [2025-12-18T21:52:19.965+0000] {dag.py:3947} INFO - Setting next_dagrun for ml_retrain_pipeline to 2025-12-17 00:00:00+00:00, run_after=2025-12-18 00:00:00+00:00
[2025-12-18T21:52:19.997+0000] {processor.py:183} INFO - Processing /opt/airflow/dags/ml_retrain_pipeline.py took 0.121 seconds
[2025-12-18T21:52:50.882+0000] {processor.py:161} INFO - Started process (PID=219) to work on /opt/airflow/dags/ml_retrain_pipeline.py
[2025-12-18T21:52:50.883+0000] {processor.py:830} INFO - Processing file /opt/airflow/dags/ml_retrain_pipeline.py for tasks to queue
[2025-12-18T21:52:50.886+0000] {logging_mixin.py:188} INFO - [2025-12-18T21:52:50.885+0000] {dagbag.py:545} INFO - Filling up the DagBag from /opt/airflow/dags/ml_retrain_pipeline.py
[2025-12-18T21:52:50.915+0000] {processor.py:840} INFO - DAG(s) 'ml_retrain_pipeline' retrieved from /opt/airflow/dags/ml_retrain_pipeline.py
[2025-12-18T21:52:50.952+0000] {logging_mixin.py:188} INFO - [2025-12-18T21:52:50.951+0000] {dag.py:3089} INFO - Sync 1 DAGs
[2025-12-18T21:52:50.978+0000] {logging_mixin.py:188} INFO - [2025-12-18T21:52:50.977+0000] {dag.py:3947} INFO - Setting next_dagrun for ml_retrain_pipeline to 2025-12-17 00:00:00+00:00, run_after=2025-12-18 00:00:00+00:00
[2025-12-18T21:52:51.003+0000] {processor.py:183} INFO - Processing /opt/airflow/dags/ml_retrain_pipeline.py took 0.126 seconds
[2025-12-18T21:53:21.792+0000] {processor.py:161} INFO - Started process (PID=224) to work on /opt/airflow/dags/ml_retrain_pipeline.py
[2025-12-18T21:53:21.794+0000] {processor.py:830} INFO - Processing file /opt/airflow/dags/ml_retrain_pipeline.py for tasks to queue
[2025-12-18T21:53:21.796+0000] {logging_mixin.py:188} INFO - [2025-12-18T21:53:21.796+0000] {dagbag.py:545} INFO - Filling up the DagBag from /opt/airflow/dags/ml_retrain_pipeline.py
[2025-12-18T21:53:21.820+0000] {processor.py:840} INFO - DAG(s) 'ml_retrain_pipeline' retrieved from /opt/airflow/dags/ml_retrain_pipeline.py
[2025-12-18T21:53:21.856+0000] {logging_mixin.py:188} INFO - [2025-12-18T21:53:21.856+0000] {dag.py:3089} INFO - Sync 1 DAGs
[2025-12-18T21:53:21.879+0000] {logging_mixin.py:188} INFO - [2025-12-18T21:53:21.879+0000] {dag.py:3947} INFO - Setting next_dagrun for ml_retrain_pipeline to 2025-12-17 00:00:00+00:00, run_after=2025-12-18 00:00:00+00:00
[2025-12-18T21:53:21.903+0000] {processor.py:183} INFO - Processing /opt/airflow/dags/ml_retrain_pipeline.py took 0.117 seconds
[2025-12-18T21:53:52.389+0000] {processor.py:161} INFO - Started process (PID=229) to work on /opt/airflow/dags/ml_retrain_pipeline.py
[2025-12-18T21:53:52.390+0000] {processor.py:830} INFO - Processing file /opt/airflow/dags/ml_retrain_pipeline.py for tasks to queue
[2025-12-18T21:53:52.393+0000] {logging_mixin.py:188} INFO - [2025-12-18T21:53:52.392+0000] {dagbag.py:545} INFO - Filling up the DagBag from /opt/airflow/dags/ml_retrain_pipeline.py
[2025-12-18T21:53:52.413+0000] {processor.py:840} INFO - DAG(s) 'ml_retrain_pipeline' retrieved from /opt/airflow/dags/ml_retrain_pipeline.py
[2025-12-18T21:53:52.447+0000] {logging_mixin.py:188} INFO - [2025-12-18T21:53:52.446+0000] {dag.py:3089} INFO - Sync 1 DAGs
[2025-12-18T21:53:52.469+0000] {logging_mixin.py:188} INFO - [2025-12-18T21:53:52.469+0000] {dag.py:3947} INFO - Setting next_dagrun for ml_retrain_pipeline to 2025-12-17 00:00:00+00:00, run_after=2025-12-18 00:00:00+00:00
[2025-12-18T21:53:52.499+0000] {processor.py:183} INFO - Processing /opt/airflow/dags/ml_retrain_pipeline.py took 0.116 seconds
[2025-12-18T21:54:23.253+0000] {processor.py:161} INFO - Started process (PID=234) to work on /opt/airflow/dags/ml_retrain_pipeline.py
[2025-12-18T21:54:23.254+0000] {processor.py:830} INFO - Processing file /opt/airflow/dags/ml_retrain_pipeline.py for tasks to queue
[2025-12-18T21:54:23.257+0000] {logging_mixin.py:188} INFO - [2025-12-18T21:54:23.257+0000] {dagbag.py:545} INFO - Filling up the DagBag from /opt/airflow/dags/ml_retrain_pipeline.py
[2025-12-18T21:54:23.280+0000] {processor.py:840} INFO - DAG(s) 'ml_retrain_pipeline' retrieved from /opt/airflow/dags/ml_retrain_pipeline.py
[2025-12-18T21:54:23.315+0000] {logging_mixin.py:188} INFO - [2025-12-18T21:54:23.315+0000] {dag.py:3089} INFO - Sync 1 DAGs
[2025-12-18T21:54:23.338+0000] {logging_mixin.py:188} INFO - [2025-12-18T21:54:23.338+0000] {dag.py:3947} INFO - Setting next_dagrun for ml_retrain_pipeline to 2025-12-17 00:00:00+00:00, run_after=2025-12-18 00:00:00+00:00
[2025-12-18T21:54:23.362+0000] {processor.py:183} INFO - Processing /opt/airflow/dags/ml_retrain_pipeline.py took 0.116 seconds
[2025-12-18T21:54:54.130+0000] {processor.py:161} INFO - Started process (PID=239) to work on /opt/airflow/dags/ml_retrain_pipeline.py
[2025-12-18T21:54:54.131+0000] {processor.py:830} INFO - Processing file /opt/airflow/dags/ml_retrain_pipeline.py for tasks to queue
[2025-12-18T21:54:54.134+0000] {logging_mixin.py:188} INFO - [2025-12-18T21:54:54.133+0000] {dagbag.py:545} INFO - Filling up the DagBag from /opt/airflow/dags/ml_retrain_pipeline.py
[2025-12-18T21:54:54.152+0000] {processor.py:840} INFO - DAG(s) 'ml_retrain_pipeline' retrieved from /opt/airflow/dags/ml_retrain_pipeline.py
[2025-12-18T21:54:54.186+0000] {logging_mixin.py:188} INFO - [2025-12-18T21:54:54.185+0000] {dag.py:3089} INFO - Sync 1 DAGs
[2025-12-18T21:54:54.209+0000] {logging_mixin.py:188} INFO - [2025-12-18T21:54:54.209+0000] {dag.py:3947} INFO - Setting next_dagrun for ml_retrain_pipeline to 2025-12-17 00:00:00+00:00, run_after=2025-12-18 00:00:00+00:00
[2025-12-18T21:54:54.240+0000] {processor.py:183} INFO - Processing /opt/airflow/dags/ml_retrain_pipeline.py took 0.118 seconds
[2025-12-18T21:55:25.030+0000] {processor.py:161} INFO - Started process (PID=244) to work on /opt/airflow/dags/ml_retrain_pipeline.py
[2025-12-18T21:55:25.031+0000] {processor.py:830} INFO - Processing file /opt/airflow/dags/ml_retrain_pipeline.py for tasks to queue
[2025-12-18T21:55:25.033+0000] {logging_mixin.py:188} INFO - [2025-12-18T21:55:25.033+0000] {dagbag.py:545} INFO - Filling up the DagBag from /opt/airflow/dags/ml_retrain_pipeline.py
[2025-12-18T21:55:25.060+0000] {processor.py:840} INFO - DAG(s) 'ml_retrain_pipeline' retrieved from /opt/airflow/dags/ml_retrain_pipeline.py
[2025-12-18T21:55:25.094+0000] {logging_mixin.py:188} INFO - [2025-12-18T21:55:25.093+0000] {dag.py:3089} INFO - Sync 1 DAGs
[2025-12-18T21:55:25.117+0000] {logging_mixin.py:188} INFO - [2025-12-18T21:55:25.117+0000] {dag.py:3947} INFO - Setting next_dagrun for ml_retrain_pipeline to 2025-12-17 00:00:00+00:00, run_after=2025-12-18 00:00:00+00:00
[2025-12-18T21:55:25.141+0000] {processor.py:183} INFO - Processing /opt/airflow/dags/ml_retrain_pipeline.py took 0.118 seconds
[2025-12-18T21:55:56.025+0000] {processor.py:161} INFO - Started process (PID=249) to work on /opt/airflow/dags/ml_retrain_pipeline.py
[2025-12-18T21:55:56.027+0000] {processor.py:830} INFO - Processing file /opt/airflow/dags/ml_retrain_pipeline.py for tasks to queue
[2025-12-18T21:55:56.030+0000] {logging_mixin.py:188} INFO - [2025-12-18T21:55:56.029+0000] {dagbag.py:545} INFO - Filling up the DagBag from /opt/airflow/dags/ml_retrain_pipeline.py
[2025-12-18T21:55:56.057+0000] {processor.py:840} INFO - DAG(s) 'ml_retrain_pipeline' retrieved from /opt/airflow/dags/ml_retrain_pipeline.py
[2025-12-18T21:55:56.098+0000] {logging_mixin.py:188} INFO - [2025-12-18T21:55:56.098+0000] {dag.py:3089} INFO - Sync 1 DAGs
[2025-12-18T21:55:56.126+0000] {logging_mixin.py:188} INFO - [2025-12-18T21:55:56.126+0000] {dag.py:3947} INFO - Setting next_dagrun for ml_retrain_pipeline to 2025-12-17 00:00:00+00:00, run_after=2025-12-18 00:00:00+00:00
[2025-12-18T21:55:56.155+0000] {processor.py:183} INFO - Processing /opt/airflow/dags/ml_retrain_pipeline.py took 0.137 seconds
[2025-12-18T21:56:26.863+0000] {processor.py:161} INFO - Started process (PID=254) to work on /opt/airflow/dags/ml_retrain_pipeline.py
[2025-12-18T21:56:26.864+0000] {processor.py:830} INFO - Processing file /opt/airflow/dags/ml_retrain_pipeline.py for tasks to queue
[2025-12-18T21:56:26.867+0000] {logging_mixin.py:188} INFO - [2025-12-18T21:56:26.866+0000] {dagbag.py:545} INFO - Filling up the DagBag from /opt/airflow/dags/ml_retrain_pipeline.py
[2025-12-18T21:56:26.889+0000] {processor.py:840} INFO - DAG(s) 'ml_retrain_pipeline' retrieved from /opt/airflow/dags/ml_retrain_pipeline.py
[2025-12-18T21:56:26.927+0000] {logging_mixin.py:188} INFO - [2025-12-18T21:56:26.927+0000] {dag.py:3089} INFO - Sync 1 DAGs
[2025-12-18T21:56:26.957+0000] {logging_mixin.py:188} INFO - [2025-12-18T21:56:26.956+0000] {dag.py:3947} INFO - Setting next_dagrun for ml_retrain_pipeline to 2025-12-17 00:00:00+00:00, run_after=2025-12-18 00:00:00+00:00
[2025-12-18T21:56:26.985+0000] {processor.py:183} INFO - Processing /opt/airflow/dags/ml_retrain_pipeline.py took 0.128 seconds
[2025-12-18T21:56:57.672+0000] {processor.py:161} INFO - Started process (PID=259) to work on /opt/airflow/dags/ml_retrain_pipeline.py
[2025-12-18T21:56:57.674+0000] {processor.py:830} INFO - Processing file /opt/airflow/dags/ml_retrain_pipeline.py for tasks to queue
[2025-12-18T21:56:57.676+0000] {logging_mixin.py:188} INFO - [2025-12-18T21:56:57.676+0000] {dagbag.py:545} INFO - Filling up the DagBag from /opt/airflow/dags/ml_retrain_pipeline.py
[2025-12-18T21:56:57.699+0000] {processor.py:840} INFO - DAG(s) 'ml_retrain_pipeline' retrieved from /opt/airflow/dags/ml_retrain_pipeline.py
[2025-12-18T21:56:57.735+0000] {logging_mixin.py:188} INFO - [2025-12-18T21:56:57.735+0000] {dag.py:3089} INFO - Sync 1 DAGs
[2025-12-18T21:56:57.762+0000] {logging_mixin.py:188} INFO - [2025-12-18T21:56:57.762+0000] {dag.py:3947} INFO - Setting next_dagrun for ml_retrain_pipeline to 2025-12-17 00:00:00+00:00, run_after=2025-12-18 00:00:00+00:00
[2025-12-18T21:56:57.788+0000] {processor.py:183} INFO - Processing /opt/airflow/dags/ml_retrain_pipeline.py took 0.122 seconds
[2025-12-18T21:57:28.502+0000] {processor.py:161} INFO - Started process (PID=264) to work on /opt/airflow/dags/ml_retrain_pipeline.py
[2025-12-18T21:57:28.503+0000] {processor.py:830} INFO - Processing file /opt/airflow/dags/ml_retrain_pipeline.py for tasks to queue
[2025-12-18T21:57:28.505+0000] {logging_mixin.py:188} INFO - [2025-12-18T21:57:28.505+0000] {dagbag.py:545} INFO - Filling up the DagBag from /opt/airflow/dags/ml_retrain_pipeline.py
[2025-12-18T21:57:28.528+0000] {processor.py:840} INFO - DAG(s) 'ml_retrain_pipeline' retrieved from /opt/airflow/dags/ml_retrain_pipeline.py
[2025-12-18T21:57:28.568+0000] {logging_mixin.py:188} INFO - [2025-12-18T21:57:28.568+0000] {dag.py:3089} INFO - Sync 1 DAGs
[2025-12-18T21:57:28.595+0000] {logging_mixin.py:188} INFO - [2025-12-18T21:57:28.594+0000] {dag.py:3947} INFO - Setting next_dagrun for ml_retrain_pipeline to 2025-12-17 00:00:00+00:00, run_after=2025-12-18 00:00:00+00:00
[2025-12-18T21:57:28.618+0000] {processor.py:183} INFO - Processing /opt/airflow/dags/ml_retrain_pipeline.py took 0.122 seconds
[2025-12-18T21:57:58.750+0000] {processor.py:161} INFO - Started process (PID=269) to work on /opt/airflow/dags/ml_retrain_pipeline.py
[2025-12-18T21:57:58.751+0000] {processor.py:830} INFO - Processing file /opt/airflow/dags/ml_retrain_pipeline.py for tasks to queue
[2025-12-18T21:57:58.754+0000] {logging_mixin.py:188} INFO - [2025-12-18T21:57:58.753+0000] {dagbag.py:545} INFO - Filling up the DagBag from /opt/airflow/dags/ml_retrain_pipeline.py
[2025-12-18T21:57:58.779+0000] {processor.py:840} INFO - DAG(s) 'ml_retrain_pipeline' retrieved from /opt/airflow/dags/ml_retrain_pipeline.py
[2025-12-18T21:57:58.821+0000] {logging_mixin.py:188} INFO - [2025-12-18T21:57:58.821+0000] {dag.py:3089} INFO - Sync 1 DAGs
[2025-12-18T21:57:58.854+0000] {logging_mixin.py:188} INFO - [2025-12-18T21:57:58.853+0000] {dag.py:3947} INFO - Setting next_dagrun for ml_retrain_pipeline to 2025-12-17 00:00:00+00:00, run_after=2025-12-18 00:00:00+00:00
[2025-12-18T21:57:58.879+0000] {processor.py:183} INFO - Processing /opt/airflow/dags/ml_retrain_pipeline.py took 0.136 seconds
[2025-12-18T21:58:29.609+0000] {processor.py:161} INFO - Started process (PID=274) to work on /opt/airflow/dags/ml_retrain_pipeline.py
[2025-12-18T21:58:29.611+0000] {processor.py:830} INFO - Processing file /opt/airflow/dags/ml_retrain_pipeline.py for tasks to queue
[2025-12-18T21:58:29.614+0000] {logging_mixin.py:188} INFO - [2025-12-18T21:58:29.613+0000] {dagbag.py:545} INFO - Filling up the DagBag from /opt/airflow/dags/ml_retrain_pipeline.py
[2025-12-18T21:58:29.640+0000] {processor.py:840} INFO - DAG(s) 'ml_retrain_pipeline' retrieved from /opt/airflow/dags/ml_retrain_pipeline.py
[2025-12-18T21:58:29.687+0000] {logging_mixin.py:188} INFO - [2025-12-18T21:58:29.687+0000] {dag.py:3089} INFO - Sync 1 DAGs
[2025-12-18T21:58:29.711+0000] {logging_mixin.py:188} INFO - [2025-12-18T21:58:29.711+0000] {dag.py:3947} INFO - Setting next_dagrun for ml_retrain_pipeline to 2025-12-17 00:00:00+00:00, run_after=2025-12-18 00:00:00+00:00
[2025-12-18T21:58:29.735+0000] {processor.py:183} INFO - Processing /opt/airflow/dags/ml_retrain_pipeline.py took 0.133 seconds
[2025-12-18T21:59:00.454+0000] {processor.py:161} INFO - Started process (PID=279) to work on /opt/airflow/dags/ml_retrain_pipeline.py
[2025-12-18T21:59:00.455+0000] {processor.py:830} INFO - Processing file /opt/airflow/dags/ml_retrain_pipeline.py for tasks to queue
[2025-12-18T21:59:00.458+0000] {logging_mixin.py:188} INFO - [2025-12-18T21:59:00.457+0000] {dagbag.py:545} INFO - Filling up the DagBag from /opt/airflow/dags/ml_retrain_pipeline.py
[2025-12-18T21:59:00.482+0000] {processor.py:840} INFO - DAG(s) 'ml_retrain_pipeline' retrieved from /opt/airflow/dags/ml_retrain_pipeline.py
[2025-12-18T21:59:00.527+0000] {logging_mixin.py:188} INFO - [2025-12-18T21:59:00.526+0000] {dag.py:3089} INFO - Sync 1 DAGs
[2025-12-18T21:59:00.554+0000] {logging_mixin.py:188} INFO - [2025-12-18T21:59:00.554+0000] {dag.py:3947} INFO - Setting next_dagrun for ml_retrain_pipeline to 2025-12-17 00:00:00+00:00, run_after=2025-12-18 00:00:00+00:00
[2025-12-18T21:59:00.576+0000] {processor.py:183} INFO - Processing /opt/airflow/dags/ml_retrain_pipeline.py took 0.130 seconds
[2025-12-18T21:59:31.272+0000] {processor.py:161} INFO - Started process (PID=284) to work on /opt/airflow/dags/ml_retrain_pipeline.py
[2025-12-18T21:59:31.274+0000] {processor.py:830} INFO - Processing file /opt/airflow/dags/ml_retrain_pipeline.py for tasks to queue
[2025-12-18T21:59:31.276+0000] {logging_mixin.py:188} INFO - [2025-12-18T21:59:31.276+0000] {dagbag.py:545} INFO - Filling up the DagBag from /opt/airflow/dags/ml_retrain_pipeline.py
[2025-12-18T21:59:31.306+0000] {processor.py:840} INFO - DAG(s) 'ml_retrain_pipeline' retrieved from /opt/airflow/dags/ml_retrain_pipeline.py
[2025-12-18T21:59:31.344+0000] {logging_mixin.py:188} INFO - [2025-12-18T21:59:31.344+0000] {dag.py:3089} INFO - Sync 1 DAGs
[2025-12-18T21:59:31.369+0000] {logging_mixin.py:188} INFO - [2025-12-18T21:59:31.369+0000] {dag.py:3947} INFO - Setting next_dagrun for ml_retrain_pipeline to 2025-12-17 00:00:00+00:00, run_after=2025-12-18 00:00:00+00:00
[2025-12-18T21:59:31.393+0000] {processor.py:183} INFO - Processing /opt/airflow/dags/ml_retrain_pipeline.py took 0.130 seconds
