[2025-12-23T22:18:56.407+0000] {local_task_job_runner.py:120} INFO - ::group::Pre task execution logs
[2025-12-23T22:18:56.452+0000] {taskinstance.py:2076} INFO - Dependencies all met for dep_context=non-requeueable deps ti=<TaskInstance: ml_retrain_pipeline.evaluate_model manual__2025-12-23T22:18:53.428938+00:00 [queued]>
[2025-12-23T22:18:56.460+0000] {taskinstance.py:2076} INFO - Dependencies all met for dep_context=requeueable deps ti=<TaskInstance: ml_retrain_pipeline.evaluate_model manual__2025-12-23T22:18:53.428938+00:00 [queued]>
[2025-12-23T22:18:56.462+0000] {taskinstance.py:2306} INFO - Starting attempt 1 of 1
[2025-12-23T22:18:56.474+0000] {taskinstance.py:2330} INFO - Executing <Task(PythonOperator): evaluate_model> on 2025-12-23 22:18:53.428938+00:00
[2025-12-23T22:18:56.482+0000] {standard_task_runner.py:90} INFO - Running: ['***', 'tasks', 'run', 'ml_retrain_pipeline', 'evaluate_model', 'manual__2025-12-23T22:18:53.428938+00:00', '--job-id', '8', '--raw', '--subdir', 'DAGS_FOLDER/ml_retrain_pipeline.py', '--cfg-path', '/tmp/tmpvt5y4nk2']
[2025-12-23T22:18:56.485+0000] {standard_task_runner.py:91} INFO - Job 8: Subtask evaluate_model
[2025-12-23T22:18:56.485+0000] {logging_mixin.py:188} WARNING - /home/***/.local/lib/python3.12/site-packages/***/task/task_runner/standard_task_runner.py:62 DeprecationWarning: This process (pid=4566) is multi-threaded, use of fork() may lead to deadlocks in the child.
[2025-12-23T22:18:56.486+0000] {standard_task_runner.py:64} INFO - Started process 4567 to run task
[2025-12-23T22:18:56.552+0000] {task_command.py:426} INFO - Running <TaskInstance: ml_retrain_pipeline.evaluate_model manual__2025-12-23T22:18:53.428938+00:00 [running]> on host 68ac07408b14
[2025-12-23T22:18:56.652+0000] {taskinstance.py:2648} INFO - Exporting env vars: AIRFLOW_CTX_DAG_OWNER='***' AIRFLOW_CTX_DAG_ID='ml_retrain_pipeline' AIRFLOW_CTX_TASK_ID='evaluate_model' AIRFLOW_CTX_EXECUTION_DATE='2025-12-23T22:18:53.428938+00:00' AIRFLOW_CTX_TRY_NUMBER='1' AIRFLOW_CTX_DAG_RUN_ID='manual__2025-12-23T22:18:53.428938+00:00'
[2025-12-23T22:18:56.653+0000] {taskinstance.py:430} INFO - ::endgroup::
[2025-12-23T22:18:56.672+0000] {logging_mixin.py:188} INFO - Оценка модели завершена:
[2025-12-23T22:18:56.672+0000] {logging_mixin.py:188} INFO - {
  "model_version": "v2.3.1",
  "metric_name": "quality_score",
  "metric_value": 0.85,
  "threshold": 0.8,
  "passed": true
}
[2025-12-23T22:18:56.691+0000] {python.py:237} INFO - Done. Returned value was: None
[2025-12-23T22:18:56.691+0000] {taskinstance.py:441} INFO - ::group::Post task execution logs
[2025-12-23T22:18:56.704+0000] {taskinstance.py:1206} INFO - Marking task as SUCCESS. dag_id=ml_retrain_pipeline, task_id=evaluate_model, run_id=manual__2025-12-23T22:18:53.428938+00:00, execution_date=20251223T221853, start_date=20251223T221856, end_date=20251223T221856
[2025-12-23T22:18:56.743+0000] {local_task_job_runner.py:243} INFO - Task exited with return code 0
[2025-12-23T22:18:56.775+0000] {taskinstance.py:3503} INFO - 1 downstream tasks scheduled from follow-on schedule check
[2025-12-23T22:18:56.778+0000] {local_task_job_runner.py:222} INFO - ::endgroup::
